2024-09-26 10:50:01.458Z: Host information
2024-09-26 10:50:01.465Z: ----------------
2024-09-26 10:50:01.465Z: OS: Ubuntu 22.04.5 LTS (stable release)
2024-09-26 10:50:01.465Z: Image details: https://github.com/github/codespaces-host-images/blob/main/README.md
2024-09-26 10:50:01.465Z: ----------------

=================================================================================
2024-09-26 10:50:01.465Z: Configuration starting...
2024-09-26 10:50:01.508Z: Cloning...
2024-09-26 10:50:01.530Z: Using image: mcr.microsoft.com/devcontainers/universal

=================================================================================
2024-09-26 10:50:01.543Z: Creating container...
2024-09-26 10:50:01.613Z: $ devcontainer up --id-label Type=codespaces --workspace-folder /var/lib/docker/codespacemount/workspace/nginx-nodejs-redis --mount type=bind,source=/.codespaces/agent/mount/cache,target=/vscode --user-data-folder /var/lib/docker/codespacemount/.persistedshare --container-data-folder .vscode-remote/data/Machine --container-system-data-folder /var/vscode-remote --log-level trace --log-format json --update-remote-user-uid-default never --mount-workspace-git-root false --omit-config-remote-env-from-metadata --skip-non-blocking-commands --skip-post-create --expect-existing-container --override-config /root/.codespaces/shared/merged_devcontainer.json --default-user-env-probe loginInteractiveShell --container-session-data-folder /workspaces/.codespaces/.persistedshare/devcontainers-cli/cache --secrets-file /root/.codespaces/shared/user-secrets-envs.json
2024-09-26 10:50:01.989Z: @devcontainers/cli 0.68.0. Node.js v18.20.4. linux 6.8.0-1014-azure x64.
2024-09-26 10:50:02.369Z: $ docker start f0779e2c963678e0f939119742dfcc66ef614a7f195ff4c46cf5c5f2f172bed7
2024-09-26 10:50:05.874Z: f0779e2c963678e0f939119742dfcc66ef614a7f195ff4c46cf5c5f2f172bed7

2024-09-26 10:50:05.877Z: Stop: Run: docker start f0779e2c963678e0f939119742dfcc66ef614a7f195ff4c46cf5c5f2f172bed7
2024-09-26 10:50:07.882Z: Outcome: success User: codespace WorkspaceFolder: /workspaces/nginx-nodejs-redis
2024-09-26 10:50:07.889Z: devcontainer process exited with exit code 0

=================================================================================
2024-09-26 10:50:08.317Z: Running blocking commands...
2024-09-26 10:50:08.350Z: $ devcontainer up --id-label Type=codespaces --workspace-folder /var/lib/docker/codespacemount/workspace/nginx-nodejs-redis --mount type=bind,source=/.codespaces/agent/mount/cache,target=/vscode --user-data-folder /var/lib/docker/codespacemount/.persistedshare --container-data-folder .vscode-remote/data/Machine --container-system-data-folder /var/vscode-remote --log-level trace --log-format json --update-remote-user-uid-default never --mount-workspace-git-root false --omit-config-remote-env-from-metadata --skip-non-blocking-commands --expect-existing-container --override-config /root/.codespaces/shared/merged_devcontainer.json --default-user-env-probe loginInteractiveShell --container-session-data-folder /workspaces/.codespaces/.persistedshare/devcontainers-cli/cache --secrets-file /root/.codespaces/shared/user-secrets-envs.json
2024-09-26 10:50:08.574Z: @devcontainers/cli 0.68.0. Node.js v18.20.4. linux 6.8.0-1014-azure x64.
2024-09-26 10:50:09.506Z: Outcome: success User: codespace WorkspaceFolder: /workspaces/nginx-nodejs-redis
2024-09-26 10:50:09.513Z: devcontainer process exited with exit code 0

=================================================================================
2024-09-26 10:50:09.529Z: Configuring codespace...

=================================================================================
2024-09-26 10:50:09.536Z: Running commands...
2024-09-26 10:50:09.546Z: $ devcontainer up --id-label Type=codespaces --workspace-folder /var/lib/docker/codespacemount/workspace/nginx-nodejs-redis --expect-existing-container --skip-post-attach --mount type=bind,source=/.codespaces/agent/mount/cache,target=/vscode --container-data-folder .vscode-remote/data/Machine --container-system-data-folder /var/vscode-remote --log-level trace --log-format json --update-remote-user-uid-default never --mount-workspace-git-root false --override-config /root/.codespaces/shared/merged_devcontainer.json --default-user-env-probe loginInteractiveShell --container-session-data-folder /workspaces/.codespaces/.persistedshare/devcontainers-cli/cache --secrets-file /root/.codespaces/shared/user-secrets-envs.json
2024-09-26 10:50:09.821Z: @devcontainers/cli 0.68.0. Node.js v18.20.4. linux 6.8.0-1014-azure x64.
2024-09-26 10:50:10.260Z: Outcome: success User: codespace WorkspaceFolder: /workspaces/nginx-nodejs-redis
2024-09-26 10:50:10.296Z: devcontainer process exited with exit code 0

=================================================================================
2024-09-26 10:50:10.716Z: Finished configuring codespace.

